<?xml version="1.0" encoding="UTF-8"?>
<testsuite name="simulator.DuckTest" tests="1" skipped="0" failures="0" errors="0" timestamp="2024-04-04T18:52:49" hostname="GIOVA" time="0.023">
  <properties/>
  <testcase name="testDuck()" classname="simulator.DuckTest" time="0.023"/>
  <system-out><![CDATA[Quack
I'm flying!!
]]></system-out>
  <system-err><![CDATA[]]></system-err>
</testsuite>
