<?xml version="1.0" encoding="UTF-8"?>
<testsuite name="io.CesarTest" tests="2" skipped="0" failures="0" errors="0" timestamp="2024-04-29T20:45:16" hostname="GIOVA" time="0.039">
  <properties/>
  <testcase name="decryptTest()" classname="io.CesarTest" time="0.036"/>
  <testcase name="cypherTextTest()" classname="io.CesarTest" time="0.002"/>
  <system-out><![CDATA[]]></system-out>
  <system-err><![CDATA[]]></system-err>
</testsuite>
